E:\DOCUMENTS\C\NOOB64\DEBUG\NOOB64.EXE
E:\DOCUMENTS\C\NOOB64\DEBUG\NOOB64.ILK
E:\DOCUMENTS\C\NOOB64\DEBUG\NOOB64.PDB
E:\DOCUMENTS\C\NOOB64\NOOB64\DEBUG\.NETFRAMEWORK,VERSION=V4.0.ASSEMBLYATTRIBUTES.OBJ
E:\DOCUMENTS\C\NOOB64\NOOB64\DEBUG\APP.RES
E:\DOCUMENTS\C\NOOB64\NOOB64\DEBUG\ASSEMBLYINFO.OBJ
E:\Documents\C\Noob64\Noob64\Debug\cl.command.1.tlog
E:\Documents\C\Noob64\Noob64\Debug\CL.read.1.tlog
E:\Documents\C\Noob64\Noob64\Debug\CL.write.1.tlog
E:\DOCUMENTS\C\NOOB64\NOOB64\DEBUG\CPU.OBJ
E:\Documents\C\Noob64\Noob64\Debug\GenerateResource.read.1.tlog
E:\Documents\C\Noob64\Noob64\Debug\GenerateResource.write.1.tlog
E:\DOCUMENTS\C\NOOB64\NOOB64\DEBUG\HELPER.OBJ
E:\DOCUMENTS\C\NOOB64\NOOB64\DEBUG\INSTRUCTION.OBJ
E:\Documents\C\Noob64\Noob64\Debug\link.1172.read.1.tlog
E:\Documents\C\Noob64\Noob64\Debug\link.1172.write.1.tlog
E:\Documents\C\Noob64\Noob64\Debug\link.1172-cvtres.read.1.tlog
E:\Documents\C\Noob64\Noob64\Debug\link.1172-cvtres.write.1.tlog
E:\Documents\C\Noob64\Noob64\Debug\link.2444.read.1.tlog
E:\Documents\C\Noob64\Noob64\Debug\link.2444.write.1.tlog
E:\Documents\C\Noob64\Noob64\Debug\link.2444-cvtres.read.1.tlog
E:\Documents\C\Noob64\Noob64\Debug\link.2444-cvtres.write.1.tlog
E:\Documents\C\Noob64\Noob64\Debug\link.2816.read.1.tlog
E:\Documents\C\Noob64\Noob64\Debug\link.2816.write.1.tlog
E:\Documents\C\Noob64\Noob64\Debug\link.2816-cvtres.read.1.tlog
E:\Documents\C\Noob64\Noob64\Debug\link.2816-cvtres.write.1.tlog
E:\Documents\C\Noob64\Noob64\Debug\link.2952.read.1.tlog
E:\Documents\C\Noob64\Noob64\Debug\link.2952.write.1.tlog
E:\Documents\C\Noob64\Noob64\Debug\link.2952-cvtres.read.1.tlog
E:\Documents\C\Noob64\Noob64\Debug\link.2952-cvtres.write.1.tlog
E:\Documents\C\Noob64\Noob64\Debug\link.3308.read.1.tlog
E:\Documents\C\Noob64\Noob64\Debug\link.3308.write.1.tlog
E:\Documents\C\Noob64\Noob64\Debug\link.3308-cvtres.read.1.tlog
E:\Documents\C\Noob64\Noob64\Debug\link.3308-cvtres.write.1.tlog
E:\Documents\C\Noob64\Noob64\Debug\link.3844.read.1.tlog
E:\Documents\C\Noob64\Noob64\Debug\link.3844.write.1.tlog
E:\Documents\C\Noob64\Noob64\Debug\link.3844-cvtres.read.1.tlog
E:\Documents\C\Noob64\Noob64\Debug\link.3844-cvtres.write.1.tlog
E:\Documents\C\Noob64\Noob64\Debug\link.3952.read.1.tlog
E:\Documents\C\Noob64\Noob64\Debug\link.3952.write.1.tlog
E:\Documents\C\Noob64\Noob64\Debug\link.3952-cvtres.read.1.tlog
E:\Documents\C\Noob64\Noob64\Debug\link.3952-cvtres.write.1.tlog
E:\Documents\C\Noob64\Noob64\Debug\link.3980.read.1.tlog
E:\Documents\C\Noob64\Noob64\Debug\link.3980.write.1.tlog
E:\Documents\C\Noob64\Noob64\Debug\link.3980-cvtres.read.1.tlog
E:\Documents\C\Noob64\Noob64\Debug\link.3980-cvtres.write.1.tlog
E:\Documents\C\Noob64\Noob64\Debug\link.3992.read.1.tlog
E:\Documents\C\Noob64\Noob64\Debug\link.3992.write.1.tlog
E:\Documents\C\Noob64\Noob64\Debug\link.3992-cvtres.read.1.tlog
E:\Documents\C\Noob64\Noob64\Debug\link.3992-cvtres.write.1.tlog
E:\Documents\C\Noob64\Noob64\Debug\link.4104.read.1.tlog
E:\Documents\C\Noob64\Noob64\Debug\link.4104.write.1.tlog
E:\Documents\C\Noob64\Noob64\Debug\link.4104-cvtres.read.1.tlog
E:\Documents\C\Noob64\Noob64\Debug\link.4104-cvtres.write.1.tlog
E:\Documents\C\Noob64\Noob64\Debug\link.4212.read.1.tlog
E:\Documents\C\Noob64\Noob64\Debug\link.4212.write.1.tlog
E:\Documents\C\Noob64\Noob64\Debug\link.4212-cvtres.read.1.tlog
E:\Documents\C\Noob64\Noob64\Debug\link.4212-cvtres.write.1.tlog
E:\Documents\C\Noob64\Noob64\Debug\link.4404.read.1.tlog
E:\Documents\C\Noob64\Noob64\Debug\link.4404.write.1.tlog
E:\Documents\C\Noob64\Noob64\Debug\link.4404-cvtres.read.1.tlog
E:\Documents\C\Noob64\Noob64\Debug\link.4404-cvtres.write.1.tlog
E:\Documents\C\Noob64\Noob64\Debug\link.4968.read.1.tlog
E:\Documents\C\Noob64\Noob64\Debug\link.4968.write.1.tlog
E:\Documents\C\Noob64\Noob64\Debug\link.4968-cvtres.read.1.tlog
E:\Documents\C\Noob64\Noob64\Debug\link.4968-cvtres.write.1.tlog
E:\Documents\C\Noob64\Noob64\Debug\link.5304.read.1.tlog
E:\Documents\C\Noob64\Noob64\Debug\link.5304.write.1.tlog
E:\Documents\C\Noob64\Noob64\Debug\link.5304-cvtres.read.1.tlog
E:\Documents\C\Noob64\Noob64\Debug\link.5304-cvtres.write.1.tlog
E:\Documents\C\Noob64\Noob64\Debug\link.5724.read.1.tlog
E:\Documents\C\Noob64\Noob64\Debug\link.5724.write.1.tlog
E:\Documents\C\Noob64\Noob64\Debug\link.5724-cvtres.read.1.tlog
E:\Documents\C\Noob64\Noob64\Debug\link.5724-cvtres.write.1.tlog
E:\Documents\C\Noob64\Noob64\Debug\link.6040.read.1.tlog
E:\Documents\C\Noob64\Noob64\Debug\link.6040.write.1.tlog
E:\Documents\C\Noob64\Noob64\Debug\link.6040-cvtres.read.1.tlog
E:\Documents\C\Noob64\Noob64\Debug\link.6040-cvtres.write.1.tlog
E:\Documents\C\Noob64\Noob64\Debug\link.6412.read.1.tlog
E:\Documents\C\Noob64\Noob64\Debug\link.6412.write.1.tlog
E:\Documents\C\Noob64\Noob64\Debug\link.6412-cvtres.read.1.tlog
E:\Documents\C\Noob64\Noob64\Debug\link.6412-cvtres.write.1.tlog
E:\Documents\C\Noob64\Noob64\Debug\link.6564.read.1.tlog
E:\Documents\C\Noob64\Noob64\Debug\link.6564.write.1.tlog
E:\Documents\C\Noob64\Noob64\Debug\link.6564-cvtres.read.1.tlog
E:\Documents\C\Noob64\Noob64\Debug\link.6564-cvtres.write.1.tlog
E:\Documents\C\Noob64\Noob64\Debug\link.6680.read.1.tlog
E:\Documents\C\Noob64\Noob64\Debug\link.6680.write.1.tlog
E:\Documents\C\Noob64\Noob64\Debug\link.6680-cvtres.read.1.tlog
E:\Documents\C\Noob64\Noob64\Debug\link.6680-cvtres.write.1.tlog
E:\Documents\C\Noob64\Noob64\Debug\link.6760.read.1.tlog
E:\Documents\C\Noob64\Noob64\Debug\link.6760.write.1.tlog
E:\Documents\C\Noob64\Noob64\Debug\link.6760-cvtres.read.1.tlog
E:\Documents\C\Noob64\Noob64\Debug\link.6760-cvtres.write.1.tlog
E:\Documents\C\Noob64\Noob64\Debug\link.7044.read.1.tlog
E:\Documents\C\Noob64\Noob64\Debug\link.7044.write.1.tlog
E:\Documents\C\Noob64\Noob64\Debug\link.7044-cvtres.read.1.tlog
E:\Documents\C\Noob64\Noob64\Debug\link.7044-cvtres.write.1.tlog
E:\Documents\C\Noob64\Noob64\Debug\link.7056.read.1.tlog
E:\Documents\C\Noob64\Noob64\Debug\link.7056.write.1.tlog
E:\Documents\C\Noob64\Noob64\Debug\link.7056-cvtres.read.1.tlog
E:\Documents\C\Noob64\Noob64\Debug\link.7056-cvtres.write.1.tlog
E:\Documents\C\Noob64\Noob64\Debug\link.7172.read.1.tlog
E:\Documents\C\Noob64\Noob64\Debug\link.7172.write.1.tlog
E:\Documents\C\Noob64\Noob64\Debug\link.7172-cvtres.read.1.tlog
E:\Documents\C\Noob64\Noob64\Debug\link.7172-cvtres.write.1.tlog
E:\Documents\C\Noob64\Noob64\Debug\link.7380.read.1.tlog
E:\Documents\C\Noob64\Noob64\Debug\link.7380.write.1.tlog
E:\Documents\C\Noob64\Noob64\Debug\link.7380-cvtres.read.1.tlog
E:\Documents\C\Noob64\Noob64\Debug\link.7380-cvtres.write.1.tlog
E:\Documents\C\Noob64\Noob64\Debug\link.7620.read.1.tlog
E:\Documents\C\Noob64\Noob64\Debug\link.7620.write.1.tlog
E:\Documents\C\Noob64\Noob64\Debug\link.7620-cvtres.read.1.tlog
E:\Documents\C\Noob64\Noob64\Debug\link.7620-cvtres.write.1.tlog
E:\Documents\C\Noob64\Noob64\Debug\link.7888.read.1.tlog
E:\Documents\C\Noob64\Noob64\Debug\link.7888.write.1.tlog
E:\Documents\C\Noob64\Noob64\Debug\link.7888-cvtres.read.1.tlog
E:\Documents\C\Noob64\Noob64\Debug\link.7888-cvtres.write.1.tlog
E:\Documents\C\Noob64\Noob64\Debug\link.7920.read.1.tlog
E:\Documents\C\Noob64\Noob64\Debug\link.7920.write.1.tlog
E:\Documents\C\Noob64\Noob64\Debug\link.7920-cvtres.read.1.tlog
E:\Documents\C\Noob64\Noob64\Debug\link.7920-cvtres.write.1.tlog
E:\Documents\C\Noob64\Noob64\Debug\link.8248.read.1.tlog
E:\Documents\C\Noob64\Noob64\Debug\link.8248.write.1.tlog
E:\Documents\C\Noob64\Noob64\Debug\link.8248-cvtres.read.1.tlog
E:\Documents\C\Noob64\Noob64\Debug\link.8248-cvtres.write.1.tlog
E:\Documents\C\Noob64\Noob64\Debug\link.8896.read.1.tlog
E:\Documents\C\Noob64\Noob64\Debug\link.8896.write.1.tlog
E:\Documents\C\Noob64\Noob64\Debug\link.8896-cvtres.read.1.tlog
E:\Documents\C\Noob64\Noob64\Debug\link.8896-cvtres.write.1.tlog
E:\Documents\C\Noob64\Noob64\Debug\link.9048.read.1.tlog
E:\Documents\C\Noob64\Noob64\Debug\link.9048.write.1.tlog
E:\Documents\C\Noob64\Noob64\Debug\link.9048-cvtres.read.1.tlog
E:\Documents\C\Noob64\Noob64\Debug\link.9048-cvtres.write.1.tlog
E:\Documents\C\Noob64\Noob64\Debug\link.9120.read.1.tlog
E:\Documents\C\Noob64\Noob64\Debug\link.9120.write.1.tlog
E:\Documents\C\Noob64\Noob64\Debug\link.9120-cvtres.read.1.tlog
E:\Documents\C\Noob64\Noob64\Debug\link.9120-cvtres.write.1.tlog
E:\Documents\C\Noob64\Noob64\Debug\link.command.1.tlog
E:\Documents\C\Noob64\Noob64\Debug\link.read.1.tlog
E:\Documents\C\Noob64\Noob64\Debug\link.write.1.tlog
E:\DOCUMENTS\C\NOOB64\NOOB64\DEBUG\MEMORY.OBJ
E:\Documents\C\Noob64\Noob64\Debug\metagen.read.1.tlog
E:\Documents\C\Noob64\Noob64\Debug\metagen.write.1.tlog
E:\Documents\C\Noob64\Noob64\Debug\mt.command.1.tlog
E:\Documents\C\Noob64\Noob64\Debug\mt.read.1.tlog
E:\Documents\C\Noob64\Noob64\Debug\mt.write.1.tlog
E:\DOCUMENTS\C\NOOB64\NOOB64\DEBUG\NOOB64.EXE.INTERMEDIATE.MANIFEST
E:\DOCUMENTS\C\NOOB64\NOOB64\DEBUG\NOOB64.FORM1.RESOURCES
E:\DOCUMENTS\C\NOOB64\NOOB64\DEBUG\NOOB64.OBJ
E:\DOCUMENTS\C\NOOB64\NOOB64\DEBUG\NOOB64.PCH
E:\Documents\C\Noob64\Noob64\Debug\Noob64.write.1.tlog
E:\Documents\C\Noob64\Noob64\Debug\rc.command.1.tlog
E:\Documents\C\Noob64\Noob64\Debug\rc.read.1.tlog
E:\Documents\C\Noob64\Noob64\Debug\rc.write.1.tlog
E:\DOCUMENTS\C\NOOB64\NOOB64\DEBUG\RCP.OBJ
E:\Documents\C\Noob64\Noob64\Debug\RSAENH.DLL.bi
E:\DOCUMENTS\C\NOOB64\NOOB64\DEBUG\STDAFX.OBJ
E:\Documents\C\Noob64\Noob64\Debug\TZRES.DLL.bi
E:\DOCUMENTS\C\NOOB64\NOOB64\DEBUG\VC100.PDB
