La génération a démarré 02/06/2012 23:36:07.
     1>Projet "C:\Users\ugly\Desktop\noob64\noob64\Noob64\Noob64.vcxproj" sur le nœud 2 (build cible(s)).
     1>InitializeBuildStatus:
         Mise à jour de l'horodatage "Debug\Noob64.unsuccessfulbuild".
       GenerateTargetFrameworkMonikerAttribute:
       La cible est ignorée "GenerateTargetFrameworkMonikerAttribute", car tous les fichiers de sortie sont à jour par rapport aux fichiers d'entrée.
       ClCompile:
         C:\Program Files\Microsoft Visual Studio 10.0\VC\bin\CL.exe /c /AI"C:\Program Files\Reference Assemblies\Microsoft\Framework\.NETFramework\v4.0" /Zi /clr:pure /nologo /W3 /WX- /Od /Oy- /D WIN32 /D _DEBUG /D _UNICODE /D UNICODE /EHa /MDd /GS /fp:precise /Zc:wchar_t /Zc:forScope /Yc"StdAfx.h" /Fp"Debug\Noob64.pch" /Fo"Debug\\" /Fd"Debug\vc100.pdb" /TP /FU"C:\Program Files\Reference Assemblies\Microsoft\Framework\.NETFramework\v4.0\System.Core.dll" /FU"C:\Program Files\Reference Assemblies\Microsoft\Framework\.NETFramework\v4.0\System.Data.dll" /FU"C:\Program Files\Reference Assemblies\Microsoft\Framework\.NETFramework\v4.0\System.dll" /FU"C:\Program Files\Reference Assemblies\Microsoft\Framework\.NETFramework\v4.0\System.Drawing.dll" /FU"C:\Program Files\Reference Assemblies\Microsoft\Framework\.NETFramework\v4.0\System.Windows.Forms.dll" /FU"C:\Program Files\Reference Assemblies\Microsoft\Framework\.NETFramework\v4.0\System.Xml.dll" /analyze- /errorReport:prompt stdafx.cpp /clr:nostdlib 
         stdafx.cpp
         C:\Program Files\Microsoft Visual Studio 10.0\VC\bin\CL.exe /c /AI"C:\Program Files\Reference Assemblies\Microsoft\Framework\.NETFramework\v4.0" /Zi /clr:pure /nologo /W3 /WX- /Od /Oy- /D WIN32 /D _DEBUG /D _UNICODE /D UNICODE /EHa /MDd /GS /fp:precise /Zc:wchar_t /Zc:forScope /Yu"StdAfx.h" /Fp"Debug\Noob64.pch" /Fo"Debug\\" /Fd"Debug\vc100.pdb" /TP /FU"C:\Program Files\Reference Assemblies\Microsoft\Framework\.NETFramework\v4.0\System.Core.dll" /FU"C:\Program Files\Reference Assemblies\Microsoft\Framework\.NETFramework\v4.0\System.Data.dll" /FU"C:\Program Files\Reference Assemblies\Microsoft\Framework\.NETFramework\v4.0\System.dll" /FU"C:\Program Files\Reference Assemblies\Microsoft\Framework\.NETFramework\v4.0\System.Drawing.dll" /FU"C:\Program Files\Reference Assemblies\Microsoft\Framework\.NETFramework\v4.0\System.Windows.Forms.dll" /FU"C:\Program Files\Reference Assemblies\Microsoft\Framework\.NETFramework\v4.0\System.Xml.dll" /analyze- /errorReport:prompt AssemblyInfo.cpp ExceptionHandler.cpp Helper.cpp Memory.cpp Noob64.cpp R4300i.cpp RCP.cpp RomLoader.cpp /clr:nostdlib 
         AssemblyInfo.cpp
         ExceptionHandler.cpp
         Helper.cpp
         Memory.cpp
         Noob64.cpp
         R4300i.cpp
     1>R4300i.cpp(618): warning C4244: 'argument' : conversion de 'dword' en 'word', perte possible de données
     1>R4300i.cpp(628): warning C4244: 'argument' : conversion de 'dword' en 'word', perte possible de données
     1>R4300i.cpp(638): warning C4244: 'argument' : conversion de 'dword' en 'word', perte possible de données
     1>R4300i.cpp(648): warning C4244: 'argument' : conversion de 'dword' en 'word', perte possible de données
     1>R4300i.cpp(659): warning C4244: 'argument' : conversion de 'dword' en 'word', perte possible de données
     1>R4300i.cpp(670): warning C4244: 'argument' : conversion de 'dword' en 'word', perte possible de données
     1>R4300i.cpp(680): warning C4244: 'argument' : conversion de 'dword' en 'word', perte possible de données
     1>R4300i.cpp(690): warning C4244: 'argument' : conversion de 'dword' en 'word', perte possible de données
     1>R4300i.cpp(701): warning C4244: 'argument' : conversion de 'dword' en 'word', perte possible de données
     1>R4300i.cpp(712): warning C4244: 'argument' : conversion de 'dword' en 'word', perte possible de données
     1>R4300i.cpp(722): warning C4244: 'argument' : conversion de 'dword' en 'word', perte possible de données
     1>R4300i.cpp(733): warning C4244: 'argument' : conversion de 'dword' en 'word', perte possible de données
     1>R4300i.cpp(744): warning C4244: 'argument' : conversion de 'dword' en 'word', perte possible de données
     1>c:\users\ugly\desktop\noob64\noob64\noob64\Memory.h(85): warning C4244: 'argument' : conversion de 'dword' en 'int', perte possible de données
                 R4300i.cpp(638) : voir la référence à l'instanciation de la fonction modèle 'Type RDRAM::read<dword>(word)' en cours de compilation
                 with
                 [
                     Type=dword
                 ]
     1>c:\users\ugly\desktop\noob64\noob64\noob64\Memory.h(85): warning C4244: 'argument' : conversion de 'sdword' en 'int', perte possible de données
                 R4300i.cpp(701) : voir la référence à l'instanciation de la fonction modèle 'Type RDRAM::read<sdword>(word)' en cours de compilation
                 with
                 [
                     Type=sdword
                 ]
         RCP.cpp
         RomLoader.cpp
         Génération de code en cours...
         Toutes les sorties sont à jour.
       CoreResGen:
         Toutes les sorties sont à jour.
       ResourceCompile:
         Toutes les sorties sont à jour.
       Link:
         C:\Program Files\Microsoft Visual Studio 10.0\VC\bin\link.exe /ERRORREPORT:PROMPT /OUT:"C:\Users\ugly\Desktop\noob64\noob64\Debug\Noob64.exe" /INCREMENTAL /NOLOGO /ASSEMBLYRESOURCE:Debug\Noob64.Form1.resources /MANIFEST /ManifestFile:"Debug\Noob64.exe.intermediate.manifest" /MANIFESTUAC:"level='asInvoker' uiAccess='false'" /DEBUG /PDB:"C:\Users\ugly\Desktop\noob64\noob64\Debug\Noob64.pdb" /ASSEMBLYDEBUG /SUBSYSTEM:WINDOWS /TLBID:1 /ENTRY:"main" /DYNAMICBASE /FIXED:NO /NXCOMPAT /MACHINE:X86 Debug\app.res
         Debug\AssemblyInfo.obj
         Debug\ExceptionHandler.obj
         Debug\R4300i.obj
         Debug\Helper.obj
         Debug\Noob64.obj
         Debug\RCP.obj
         Debug\Memory.obj
         Debug\RomLoader.obj
         Debug\stdafx.obj
         "Debug\.NETFramework,Version=v4.0.AssemblyAttributes.obj"
         Noob64.vcxproj -> C:\Users\ugly\Desktop\noob64\noob64\Debug\Noob64.exe
       Manifest:
         C:\Program Files\Microsoft SDKs\Windows\v7.0A\bin\mt.exe /nologo /verbose /outputresource:"C:\Users\ugly\Desktop\noob64\noob64\Debug\Noob64.exe;#1" /manifest Debug\Noob64.exe.intermediate.manifest
       FinalizeBuildStatus:
         Suppression du fichier "Debug\Noob64.unsuccessfulbuild".
         Mise à jour de l'horodatage "Debug\Noob64.lastbuildstate".
     1>Génération du projet "C:\Users\ugly\Desktop\noob64\noob64\Noob64\Noob64.vcxproj" terminée (build cible(s)).

La génération a réussi.

Temps écoulé 00:00:08.80
